<?xml version="1.0" encoding="UTF-8"?>
<!-- Generated by org.testng.reporters.JUnitReportReporter -->
<testsuite skipped="0" hostname="Adityayadav-PC" name="TestClasses.TestHdfcLenderPage" tests="1" failures="0" timestamp="2020-08-26T17:07:07 IST" time="35.559" errors="0">
  <testcase name="testHdfcform" time="35.559" classname="TestClasses.TestHdfcLenderPage"/>
</testsuite> <!-- TestClasses.TestHdfcLenderPage -->
