<?xml version="1.0" encoding="UTF-8"?>
<!-- Generated by org.testng.reporters.JUnitReportReporter -->
<testsuite skipped="0" hostname="Adityayadav-PC" name="TestClasses.TestAclass" tests="2" failures="0" timestamp="2020-08-24T15:27:01 IST" time="17.297" errors="0">
  <testcase name="testMethod1" time="0.175" classname="TestClasses.TestAclass"/>
  <testcase name="testMethod2" time="17.122" classname="TestClasses.TestAclass"/>
</testsuite> <!-- TestClasses.TestAclass -->
